#
# There is insufficient memory for the Java Runtime Environment to continue.
# Native memory allocation (malloc) failed to allocate 1180816 bytes for Chunk::new
# Possible reasons:
#   The system is out of physical RAM or swap space
#   In 32 bit mode, the process size limit was hit
# Possible solutions:
#   Reduce memory load on the system
#   Increase physical memory or swap space
#   Check if swap backing store is full
#   Use 64 bit Java on a 64 bit OS
#   Decrease Java heap size (-Xmx/-Xms)
#   Decrease number of Java threads
#   Decrease Java thread stack sizes (-Xss)
#   Set larger code cache with -XX:ReservedCodeCacheSize=
# This output file may be truncated or incomplete.
#
#  Out of Memory Error (allocation.cpp:390), pid=8472, tid=0x0000000000002740
#
# JRE version: OpenJDK Runtime Environment (8.0_152-b02) (build 1.8.0_152-release-1024-b02)
# Java VM: OpenJDK 64-Bit Server VM (25.152-b02 mixed mode windows-amd64 compressed oops)
# Failed to write core dump. Minidumps are not enabled by default on client versions of Windows
#

---------------  T H R E A D  ---------------

Current thread (0x00000000154e3000):  JavaThread "C2 CompilerThread0" daemon [_thread_in_native, id=10048, stack(0x0000000016520000,0x0000000016620000)]

Stack: [0x0000000016520000,0x0000000016620000]
[error occurred during error reporting (printing stack bounds), id 0xc0000005]

Native frames: (J=compiled Java code, j=interpreted, Vv=VM code, C=native code)


Current CompileTask:
C2:2608494 11450 %     4       com.sun.imageio.plugins.png.PNGImageWriter::encodePass @ 790 (1063 bytes)


---------------  P R O C E S S  ---------------

Java Threads: ( => current thread )
  0x000000001b914800 JavaThread "Java2D Disposer" daemon [_thread_blocked, id=5912, stack(0x0000000022050000,0x0000000022150000)]
  0x000000001b915000 JavaThread "stdout" daemon [_thread_in_native, id=9632, stack(0x0000000021e50000,0x0000000021f50000)]
  0x000000001b90f000 JavaThread "stdout" daemon [_thread_in_native, id=9332, stack(0x0000000021d50000,0x0000000021e50000)]
  0x000000001b912000 JavaThread "stderr" daemon [_thread_in_native, id=8324, stack(0x0000000021c50000,0x0000000021d50000)]
  0x000000001b910000 JavaThread "stderr" daemon [_thread_in_native, id=6100, stack(0x0000000021b50000,0x0000000021c50000)]
  0x000000001b90e800 JavaThread "queued-resource-processor_2" daemon [_thread_blocked, id=1336, stack(0x0000000021a50000,0x0000000021b50000)]
  0x000000001b911800 JavaThread "queued-resource-processor_1" daemon [_thread_blocked, id=6284, stack(0x0000000021950000,0x0000000021a50000)]
  0x000000001b910800 JavaThread "Worker Daemon Execution Thread 7" [_thread_blocked, id=8760, stack(0x0000000021850000,0x0000000021950000)]
  0x0000000017222000 JavaThread "Worker Daemon Execution Thread 6" [_thread_blocked, id=6024, stack(0x0000000021750000,0x0000000021850000)]
  0x0000000017223000 JavaThread "Worker Daemon Execution Thread 5" [_thread_blocked, id=4904, stack(0x0000000021650000,0x0000000021750000)]
  0x000000001721e800 JavaThread "Worker Daemon Execution Thread 4" [_thread_blocked, id=4832, stack(0x0000000021550000,0x0000000021650000)]
  0x000000001721d000 JavaThread "Worker Daemon Execution Thread 3" [_thread_blocked, id=9912, stack(0x0000000021450000,0x0000000021550000)]
  0x000000001a5f4000 JavaThread "Worker Daemon Execution Thread 2" [_thread_blocked, id=6320, stack(0x0000000021350000,0x0000000021450000)]
  0x000000001a5f5800 JavaThread "Worker Daemon Execution" [_thread_blocked, id=7816, stack(0x00000000193c0000,0x00000000194c0000)]
  0x000000001a5f4800 JavaThread "Task worker for ':'" [_thread_blocked, id=3736, stack(0x0000000021050000,0x0000000021150000)]
  0x000000001a5f3000 JavaThread "Cache worker for Build Output Cleanup Cache (C:\Users\young_000\Pictures\PhoneAuth2\.gradle\buildOutputCleanup)" [_thread_blocked, id=6632, stack(0x0000000020f50000,0x0000000021050000)]
  0x000000001a5ef800 JavaThread "Cache worker for task history cache (C:\Users\young_000\Pictures\PhoneAuth2\.gradle\4.4\taskHistory)" [_thread_blocked, id=10024, stack(0x000000001d760000,0x000000001d860000)]
  0x000000001a5f1000 JavaThread "build operations Thread 2" [_thread_blocked, id=9688, stack(0x000000001cb60000,0x000000001cc60000)]
  0x000000001a5f2800 JavaThread "build operations" [_thread_blocked, id=5220, stack(0x000000001bc60000,0x000000001bd60000)]
  0x000000001a5f1800 JavaThread "Cache worker for Artifact transforms cache (C:\Users\young_000\.gradle\caches\transforms-1)" [_thread_blocked, id=9992, stack(0x000000001bb60000,0x000000001bc60000)]
  0x000000001a5eb800 JavaThread "Cache worker for file hash cache (C:\Users\young_000\Pictures\PhoneAuth2\.gradle\4.4\fileHashes)" [_thread_blocked, id=9372, stack(0x000000001a890000,0x000000001a990000)]
  0x000000001a5ea000 JavaThread "Asynchronous log dispatcher for DefaultDaemonConnection: socket connection from /127.0.0.1:62208 to /127.0.0.1:62226" [_thread_blocked, id=8136, stack(0x00000000192c0000,0x00000000193c0000)]
  0x000000001a5ec800 JavaThread "Cancel handler" [_thread_blocked, id=9880, stack(0x00000000190c0000,0x00000000191c0000)]
  0x000000001a5e8800 JavaThread "Handler for socket connection from /127.0.0.1:62208 to /127.0.0.1:62226" [_thread_in_native, id=4316, stack(0x0000000018dc0000,0x0000000018ec0000)]
  0x000000001a5e8000 JavaThread "Daemon worker Thread 3" [_thread_in_native, id=2868, stack(0x00000000191c0000,0x00000000192c0000)]
  0x000000001a5e6800 JavaThread "Daemon Thread 3" [_thread_blocked, id=6532, stack(0x0000000018cc0000,0x0000000018dc0000)]
  0x0000000019f28000 JavaThread "Memory manager" [_thread_blocked, id=9708, stack(0x000000001d360000,0x000000001d460000)]
  0x0000000019f2a800 JavaThread "pool-1-thread-1" [_thread_blocked, id=8248, stack(0x000000001d060000,0x000000001d160000)]
  0x0000000016f54800 JavaThread "File lock request listener" [_thread_in_native, id=5904, stack(0x000000001a790000,0x000000001a890000)]
  0x0000000017904000 JavaThread "Cache worker for file hash cache (C:\Users\young_000\.gradle\caches\4.4\fileHashes)" [_thread_blocked, id=3580, stack(0x000000001a690000,0x000000001a790000)]
  0x00000000169fc000 JavaThread "Daemon periodic checks" [_thread_blocked, id=5268, stack(0x0000000018bc0000,0x0000000018cc0000)]
  0x000000001785a800 JavaThread "Incoming local TCP Connector on port 62208" [_thread_in_native, id=2204, stack(0x00000000189d0000,0x0000000018ad0000)]
  0x000000001555d000 JavaThread "Service Thread" daemon [_thread_blocked, id=144, stack(0x0000000016720000,0x0000000016820000)]
  0x0000000015537000 JavaThread "C1 CompilerThread1" daemon [_thread_blocked, id=3648, stack(0x0000000016620000,0x0000000016720000)]
=>0x00000000154e3000 JavaThread "C2 CompilerThread0" daemon [_thread_in_native, id=10048, stack(0x0000000016520000,0x0000000016620000)]
  0x00000000154f4800 JavaThread "Attach Listener" daemon [_thread_blocked, id=9832, stack(0x0000000016420000,0x0000000016520000)]
  0x00000000154f1000 JavaThread "Signal Dispatcher" daemon [_thread_blocked, id=4376, stack(0x0000000016320000,0x0000000016420000)]
  0x00000000154ce000 JavaThread "Finalizer" daemon [_thread_blocked, id=8384, stack(0x0000000016140000,0x0000000016240000)]
  0x00000000154a5800 JavaThread "Reference Handler" daemon [_thread_blocked, id=9696, stack(0x0000000016040000,0x0000000016140000)]
  0x00000000002be000 JavaThread "main" [_thread_blocked, id=4556, stack(0x0000000001bc0000,0x0000000001cc0000)]

Other Threads:
  0x000000001549c000 VMThread [stack: 0x0000000015f40000,0x0000000016040000] [id=7532]
  0x0000000015560000 WatcherThread [stack: 0x0000000016820000,0x0000000016920000] [id=8900]

VM state:not at safepoint (normal execution)

VM Mutex/Monitor currently owned by a thread: None

Heap:
 PSYoungGen      total 161280K, used 69604K [0x00000000e0000000, 0x00000000eb580000, 0x0000000100000000)
  eden space 142848K, 40% used [0x00000000e0000000,0x00000000e3854f58,0x00000000e8b80000)
  from space 18432K, 64% used [0x00000000ea380000,0x00000000eaf24450,0x00000000eb580000)
  to   space 21504K, 0% used [0x00000000e8b80000,0x00000000e8b80000,0x00000000ea080000)
 ParOldGen       total 90624K, used 50075K [0x00000000a0000000, 0x00000000a5880000, 0x00000000e0000000)
  object space 90624K, 55% used [0x00000000a0000000,0x00000000a30e6ca8,0x00000000a5880000)
 Metaspace       used 71030K, capacity 73984K, committed 74200K, reserved 1114112K
  class space    used 9216K, capacity 9955K, committed 9984K, reserved 1048576K

Card table byte_map: [0x0000000011180000,0x0000000011490000] byte_map_base: 0x0000000010c80000

Marking Bits: (ParMarkBitMap*) 0x000000006a084970
 Begin Bits: [0x0000000011890000, 0x0000000013090000)
 End Bits:   [0x0000000013090000, 0x0000000014890000)

Polling page: 0x00000000002e0000

CodeCache: size=245760Kb used=33370Kb max_used=33704Kb free=212389Kb
 bounds [0x0000000001dc0000, 0x0000000003ee0000, 0x0000000010dc0000]
 total_blobs=10655 nmethods=9733 adapters=835
 compilation: enabled

Compilation events (10 events):
Event: 2606.081 Thread 0x0000000015537000 11524   !   2       java.io.ObjectInputStream::readSerialData (367 bytes)
Event: 2606.086 Thread 0x0000000015537000 nmethod 11524 0x0000000003cc92d0 code [0x0000000003cc9580, 0x0000000003cca358]
Event: 2606.086 Thread 0x0000000015537000 11525       2       java.io.ObjectStreamClass::hasReadResolveMethod (17 bytes)
Event: 2606.086 Thread 0x0000000015537000 nmethod 11525 0x0000000003ed4610 code [0x0000000003ed4780, 0x0000000003ed49a8]
Event: 2606.086 Thread 0x0000000015537000 11523   !   2       java.io.ObjectStreamClass::newInstance (41 bytes)
Event: 2606.087 Thread 0x0000000015537000 nmethod 11523 0x0000000002e311d0 code [0x0000000002e31380, 0x0000000002e317d8]
Event: 2606.111 Thread 0x0000000015537000 11526       2       javax.imageio.stream.ImageInputStreamImpl::checkClosed (18 bytes)
Event: 2606.111 Thread 0x0000000015537000 nmethod 11526 0x0000000002e30d90 code [0x0000000002e30f00, 0x0000000002e31108]
Event: 2606.128 Thread 0x00000000154e3000 nmethod 11454% 0x0000000003d74d10 code [0x0000000003d74f40, 0x0000000003d77a08]
Event: 2606.128 Thread 0x00000000154e3000 11450 %     4       com.sun.imageio.plugins.png.PNGImageWriter::encodePass @ 790 (1063 bytes)

GC Heap History (10 events):
Event: 176.722 GC heap before
{Heap before GC invocations=19 (full 3):
 PSYoungGen      total 110592K, used 16878K [0x00000000e0000000, 0x00000000e9600000, 0x0000000100000000)
  eden space 93696K, 0% used [0x00000000e0000000,0x00000000e0000000,0x00000000e5b80000)
  from space 16896K, 99% used [0x00000000e6f80000,0x00000000e7ffbbe8,0x00000000e8000000)
  to   space 20480K, 0% used [0x00000000e5b80000,0x00000000e5b80000,0x00000000e6f80000)
 ParOldGen       total 62976K, used 25319K [0x00000000a0000000, 0x00000000a3d80000, 0x00000000e0000000)
  object space 62976K, 40% used [0x00000000a0000000,0x00000000a18b9f08,0x00000000a3d80000)
 Metaspace       used 57312K, capacity 59004K, committed 59028K, reserved 1099776K
  class space    used 7757K, capacity 8183K, committed 8192K, reserved 1048576K
Event: 177.386 GC heap after
Heap after GC invocations=19 (full 3):
 PSYoungGen      total 110592K, used 0K [0x00000000e0000000, 0x00000000e9600000, 0x0000000100000000)
  eden space 93696K, 0% used [0x00000000e0000000,0x00000000e0000000,0x00000000e5b80000)
  from space 16896K, 0% used [0x00000000e6f80000,0x00000000e6f80000,0x00000000e8000000)
  to   space 20480K, 0% used [0x00000000e5b80000,0x00000000e5b80000,0x00000000e6f80000)
 ParOldGen       total 90624K, used 35575K [0x00000000a0000000, 0x00000000a5880000, 0x00000000e0000000)
  object space 90624K, 39% used [0x00000000a0000000,0x00000000a22bdcb0,0x00000000a5880000)
 Metaspace       used 57312K, capacity 59004K, committed 59028K, reserved 1099776K
  class space    used 7757K, capacity 8183K, committed 8192K, reserved 1048576K
}
Event: 183.887 GC heap before
{Heap before GC invocations=20 (full 3):
 PSYoungGen      total 110592K, used 93696K [0x00000000e0000000, 0x00000000e9600000, 0x0000000100000000)
  eden space 93696K, 100% used [0x00000000e0000000,0x00000000e5b80000,0x00000000e5b80000)
  from space 16896K, 0% used [0x00000000e6f80000,0x00000000e6f80000,0x00000000e8000000)
  to   space 20480K, 0% used [0x00000000e5b80000,0x00000000e5b80000,0x00000000e6f80000)
 ParOldGen       total 90624K, used 35575K [0x00000000a0000000, 0x00000000a5880000, 0x00000000e0000000)
  object space 90624K, 39% used [0x00000000a0000000,0x00000000a22bdcb0,0x00000000a5880000)
 Metaspace       used 59716K, capacity 61542K, committed 61656K, reserved 1101824K
  class space    used 8110K, capacity 8604K, committed 8704K, reserved 1048576K
Event: 183.955 GC heap after
Heap after GC invocations=20 (full 3):
 PSYoungGen      total 114176K, used 12261K [0x00000000e0000000, 0x00000000e9b00000, 0x0000000100000000)
  eden space 93696K, 0% used [0x00000000e0000000,0x00000000e0000000,0x00000000e5b80000)
  from space 20480K, 59% used [0x00000000e5b80000,0x00000000e67796b8,0x00000000e6f80000)
  to   space 20480K, 0% used [0x00000000e8700000,0x00000000e8700000,0x00000000e9b00000)
 ParOldGen       total 90624K, used 35583K [0x00000000a0000000, 0x00000000a5880000, 0x00000000e0000000)
  object space 90624K, 39% used [0x00000000a0000000,0x00000000a22bfcb0,0x00000000a5880000)
 Metaspace       used 59716K, capacity 61542K, committed 61656K, reserved 1101824K
  class space    used 8110K, capacity 8604K, committed 8704K, reserved 1048576K
}
Event: 1626.906 GC heap before
{Heap before GC invocations=21 (full 3):
 PSYoungGen      total 114176K, used 105957K [0x00000000e0000000, 0x00000000e9b00000, 0x0000000100000000)
  eden space 93696K, 100% used [0x00000000e0000000,0x00000000e5b80000,0x00000000e5b80000)
  from space 20480K, 59% used [0x00000000e5b80000,0x00000000e67796b8,0x00000000e6f80000)
  to   space 20480K, 0% used [0x00000000e8700000,0x00000000e8700000,0x00000000e9b00000)
 ParOldGen       total 90624K, used 35583K [0x00000000a0000000, 0x00000000a5880000, 0x00000000e0000000)
  object space 90624K, 39% used [0x00000000a0000000,0x00000000a22bfcb0,0x00000000a5880000)
 Metaspace       used 64802K, capacity 67094K, committed 67416K, reserved 1107968K
  class space    used 8602K, capacity 9219K, committed 9344K, reserved 1048576K
Event: 1658.972 GC heap after
Heap after GC invocations=21 (full 3):
 PSYoungGen      total 136192K, used 17156K [0x00000000e0000000, 0x00000000e9f80000, 0x0000000100000000)
  eden space 115712K, 0% used [0x00000000e0000000,0x00000000e0000000,0x00000000e7100000)
  from space 20480K, 83% used [0x00000000e8700000,0x00000000e97c12d0,0x00000000e9b00000)
  to   space 22528K, 0% used [0x00000000e7100000,0x00000000e7100000,0x00000000e8700000)
 ParOldGen       total 90624K, used 35610K [0x00000000a0000000, 0x00000000a5880000, 0x00000000e0000000)
  object space 90624K, 39% used [0x00000000a0000000,0x00000000a22c6900,0x00000000a5880000)
 Metaspace       used 64802K, capacity 67094K, committed 67416K, reserved 1107968K
  class space    used 8602K, capacity 9219K, committed 9344K, reserved 1048576K
}
Event: 2329.423 GC heap before
{Heap before GC invocations=22 (full 3):
 PSYoungGen      total 136192K, used 132868K [0x00000000e0000000, 0x00000000e9f80000, 0x0000000100000000)
  eden space 115712K, 100% used [0x00000000e0000000,0x00000000e7100000,0x00000000e7100000)
  from space 20480K, 83% used [0x00000000e8700000,0x00000000e97c12d0,0x00000000e9b00000)
  to   space 22528K, 0% used [0x00000000e7100000,0x00000000e7100000,0x00000000e8700000)
 ParOldGen       total 90624K, used 35610K [0x00000000a0000000, 0x00000000a5880000, 0x00000000e0000000)
  object space 90624K, 39% used [0x00000000a0000000,0x00000000a22c6900,0x00000000a5880000)
 Metaspace       used 65896K, capacity 68608K, committed 68824K, reserved 1107968K
  class space    used 8674K, capacity 9401K, committed 9472K, reserved 1048576K
Event: 2340.575 GC heap after
Heap after GC invocations=22 (full 3):
 PSYoungGen      total 138240K, used 5264K [0x00000000e0000000, 0x00000000eb900000, 0x0000000100000000)
  eden space 115712K, 0% used [0x00000000e0000000,0x00000000e0000000,0x00000000e7100000)
  from space 22528K, 23% used [0x00000000e7100000,0x00000000e7624030,0x00000000e8700000)
  to   space 22016K, 0% used [0x00000000ea380000,0x00000000ea380000,0x00000000eb900000)
 ParOldGen       total 90624K, used 49087K [0x00000000a0000000, 0x00000000a5880000, 0x00000000e0000000)
  object space 90624K, 54% used [0x00000000a0000000,0x00000000a2fefc08,0x00000000a5880000)
 Metaspace       used 65896K, capacity 68608K, committed 68824K, reserved 1107968K
  class space    used 8674K, capacity 9401K, committed 9472K, reserved 1048576K
}
Event: 2563.743 GC heap before
{Heap before GC invocations=23 (full 3):
 PSYoungGen      total 138240K, used 120976K [0x00000000e0000000, 0x00000000eb900000, 0x0000000100000000)
  eden space 115712K, 100% used [0x00000000e0000000,0x00000000e7100000,0x00000000e7100000)
  from space 22528K, 23% used [0x00000000e7100000,0x00000000e7624030,0x00000000e8700000)
  to   space 22016K, 0% used [0x00000000ea380000,0x00000000ea380000,0x00000000eb900000)
 ParOldGen       total 90624K, used 49087K [0x00000000a0000000, 0x00000000a5880000, 0x00000000e0000000)
  object space 90624K, 54% used [0x00000000a0000000,0x00000000a2fefc08,0x00000000a5880000)
 Metaspace       used 68357K, capacity 71276K, committed 71384K, reserved 1112064K
  class space    used 8944K, capacity 9709K, committed 9728K, reserved 1048576K
Event: 2564.568 GC heap after
Heap after GC invocations=23 (full 3):
 PSYoungGen      total 161280K, used 11921K [0x00000000e0000000, 0x00000000eb580000, 0x0000000100000000)
  eden space 142848K, 0% used [0x00000000e0000000,0x00000000e0000000,0x00000000e8b80000)
  from space 18432K, 64% used [0x00000000ea380000,0x00000000eaf24450,0x00000000eb580000)
  to   space 21504K, 0% used [0x00000000e8b80000,0x00000000e8b80000,0x00000000ea080000)
 ParOldGen       total 90624K, used 50075K [0x00000000a0000000, 0x00000000a5880000, 0x00000000e0000000)
  object space 90624K, 55% used [0x00000000a0000000,0x00000000a30e6ca8,0x00000000a5880000)
 Metaspace       used 68357K, capacity 71276K, committed 71384K, reserved 1112064K
  class space    used 8944K, capacity 9709K, committed 9728K, reserved 1048576K
}

Deoptimization events (10 events):
Event: 2577.630 Thread 0x000000001a5f5800 Uncommon trap: reason=class_check action=maybe_recompile pc=0x00000000022913a8 method=java.lang.AbstractStringBuilder.append(Ljava/lang/CharSequence;II)Ljava/lang/AbstractStringBuilder; @ 18
Event: 2577.768 Thread 0x000000001a5e8000 Uncommon trap: reason=unstable_if action=reinterpret pc=0x000000000246a9b0 method=java.nio.charset.CharsetEncoder.encode(Ljava/nio/CharBuffer;Ljava/nio/ByteBuffer;Z)Ljava/nio/charset/CoderResult; @ 94
Event: 2578.585 Thread 0x000000001721d000 Uncommon trap: reason=class_check action=maybe_recompile pc=0x00000000038918a4 method=com.sun.org.apache.xerces.internal.dom.NamedNodeMapImpl.item(I)Lorg/w3c/dom/Node; @ 30
Event: 2578.585 Thread 0x000000001721d000 Uncommon trap: reason=class_check action=maybe_recompile pc=0x00000000038918a4 method=com.sun.org.apache.xerces.internal.dom.NamedNodeMapImpl.item(I)Lorg/w3c/dom/Node; @ 30
Event: 2578.585 Thread 0x000000001721d000 Uncommon trap: reason=class_check action=maybe_recompile pc=0x00000000038918a4 method=com.sun.org.apache.xerces.internal.dom.NamedNodeMapImpl.item(I)Lorg/w3c/dom/Node; @ 30
Event: 2578.585 Thread 0x000000001721d000 Uncommon trap: reason=class_check action=maybe_recompile pc=0x00000000038918a4 method=com.sun.org.apache.xerces.internal.dom.NamedNodeMapImpl.item(I)Lorg/w3c/dom/Node; @ 30
Event: 2594.098 Thread 0x000000001a5e8000 Uncommon trap: reason=class_check action=maybe_recompile pc=0x0000000003a19418 method=com.sun.org.apache.xerces.internal.dom.NamedNodeMapImpl.item(I)Lorg/w3c/dom/Node; @ 33
Event: 2594.098 Thread 0x000000001a5e8000 Uncommon trap: reason=class_check action=maybe_recompile pc=0x0000000003a19418 method=com.sun.org.apache.xerces.internal.dom.NamedNodeMapImpl.item(I)Lorg/w3c/dom/Node; @ 33
Event: 2594.209 Thread 0x000000001a5e8000 Uncommon trap: reason=null_check action=make_not_entrant pc=0x0000000003e48ba4 method=com.android.ide.common.res2.NodeUtils.processSingleNodeNamespace(Lorg/w3c/dom/Node;Lorg/w3c/dom/Document;)Z @ 8
Event: 2605.213 Thread 0x000000001b910800 Uncommon trap: reason=unstable_if action=reinterpret pc=0x0000000003ec899c method=sun.java2d.pisces.PiscesCache.addRLERun(II)V @ 91

Classes redefined (0 events):
No events

Internal exceptions (10 events):
Event: 2576.682 Thread 0x000000001a5e8000 Exception <a 'java/lang/NoSuchMethodError': <clinit>> (0x00000000e0bb4a98) thrown at [D:\src\AOSP-openjdk-cygwin\jdk8u\hotspot\src\share\vm\prims\jni.cpp, line 1613]
Event: 2576.682 Thread 0x000000001a5e8000 Exception <a 'java/lang/NoSuchMethodError': <clinit>> (0x00000000e0bbcf98) thrown at [D:\src\AOSP-openjdk-cygwin\jdk8u\hotspot\src\share\vm\prims\jni.cpp, line 1613]
Event: 2576.682 Thread 0x000000001a5e8000 Exception <a 'java/lang/NoSuchMethodError': <clinit>> (0x00000000e0bc0690) thrown at [D:\src\AOSP-openjdk-cygwin\jdk8u\hotspot\src\share\vm\prims\jni.cpp, line 1613]
Event: 2576.684 Thread 0x000000001a5e8000 Exception <a 'java/lang/NoSuchMethodError': <clinit>> (0x00000000e0bd9a58) thrown at [D:\src\AOSP-openjdk-cygwin\jdk8u\hotspot\src\share\vm\prims\jni.cpp, line 1613]
Event: 2576.688 Thread 0x000000001a5e8000 Exception <a 'java/lang/NoSuchMethodError': <clinit>> (0x00000000e0bf8b58) thrown at [D:\src\AOSP-openjdk-cygwin\jdk8u\hotspot\src\share\vm\prims\jni.cpp, line 1613]
Event: 2576.690 Thread 0x000000001a5e8000 Exception <a 'java/lang/NoSuchMethodError': <clinit>> (0x00000000e0c0d8d8) thrown at [D:\src\AOSP-openjdk-cygwin\jdk8u\hotspot\src\share\vm\prims\jni.cpp, line 1613]
Event: 2594.209 Thread 0x000000001a5e8000 Implicit null exception at 0x0000000003e48859 to 0x0000000003e48b95
Event: 2594.551 Thread 0x000000001721d000 Exception <a 'java/io/FileNotFoundException'> (0x00000000e21d7a48) thrown at [D:\src\AOSP-openjdk-cygwin\jdk8u\hotspot\src\share\vm\prims\jni.cpp, line 709]
Event: 2596.427 Thread 0x000000001721d000 Exception <a 'java/lang/ClassNotFoundException': sun/dc/DuctusRenderingEngine> (0x00000000e2926b60) thrown at [D:\src\AOSP-openjdk-cygwin\jdk8u\hotspot\src\share\vm\classfile\systemDictionary.cpp, line 210]
Event: 2600.345 Thread 0x000000001721d000 Exception <a 'java/io/FileNotFoundException'> (0x00000000e293b208) thrown at [D:\src\AOSP-openjdk-cygwin\jdk8u\hotspot\src\share\vm\prims\jni.cpp, line 709]

Events (10 events):
Event: 2606.232 loading class com/google/common/io/ByteStreams$1 done
Event: 2606.292 loading class com/google/common/io/ByteStreams$LimitedInputStream
Event: 2606.292 loading class com/google/common/io/ByteStreams$LimitedInputStream done
Event: 2606.293 loading class com/google/common/io/ByteStreams$FastByteArrayOutputStream
Event: 2606.293 loading class com/google/common/io/ByteStreams$FastByteArrayOutputStream done
Event: 2606.294 loading class com/google/common/io/ByteArrayDataInput
Event: 2606.294 loading class com/google/common/io/ByteArrayDataInput done
Event: 2606.295 loading class com/google/common/io/ByteArrayDataOutput
Event: 2606.295 loading class com/google/common/io/ByteArrayDataOutput done
Event: 2606.669 Thread 0x000000001b913800 Thread added: 0x000000001b913800


Dynamic libraries:
0x00007ff700850000 - 0x00007ff700881000 	C:\Program Files\Android\Android Studio1\jre\bin\java.exe
0x00007ffb27dc0000 - 0x00007ffb27f6d000 	C:\Windows\SYSTEM32\ntdll.dll
0x00007ffb25790000 - 0x00007ffb258ce000 	C:\Windows\system32\KERNEL32.DLL
0x00007ffb15560000 - 0x00007ffb15574000 	C:\Program Files (x86)\AVG\Antivirus\x64\aswhooka.dll
0x00007ffb251e0000 - 0x00007ffb252f6000 	C:\Windows\system32\KERNELBASE.dll
0x00007ffb25440000 - 0x00007ffb254ea000 	C:\Windows\system32\ADVAPI32.dll
0x00007ffb25cb0000 - 0x00007ffb25e27000 	C:\Windows\system32\USER32.dll
0x00007ffb22e40000 - 0x00007ffb230bb000 	C:\Windows\WinSxS\amd64_microsoft.windows.common-controls_6595b64144ccf1df_6.0.9600.18006_none_623f33d3ecbe86e8\COMCTL32.dll
0x00007ffb25e30000 - 0x00007ffb25eda000 	C:\Windows\system32\msvcrt.dll
0x00007ffb25990000 - 0x00007ffb259e9000 	C:\Windows\SYSTEM32\sechost.dll
0x00007ffb25a70000 - 0x00007ffb25bb0000 	C:\Windows\system32\RPCRT4.dll
0x00007ffb27c10000 - 0x00007ffb27d5b000 	C:\Windows\system32\GDI32.dll
0x00007ffb25410000 - 0x00007ffb2543e000 	C:\Windows\system32\SspiCli.dll
0x00007ffb25c70000 - 0x00007ffb25ca6000 	C:\Windows\system32\IMM32.DLL
0x00007ffb261d0000 - 0x00007ffb26321000 	C:\Windows\system32\MSCTF.dll
0x0000000069610000 - 0x00000000696e2000 	C:\Program Files\Android\Android Studio1\jre\jre\bin\msvcr100.dll
0x00000000698c0000 - 0x000000006a0ff000 	C:\Program Files\Android\Android Studio1\jre\jre\bin\server\jvm.dll
0x00007ffb1bc10000 - 0x00007ffb1bc19000 	C:\Windows\SYSTEM32\WSOCK32.dll
0x00007ffb1ef00000 - 0x00007ffb1ef22000 	C:\Windows\SYSTEM32\WINMM.dll
0x00007ffb1fb50000 - 0x00007ffb1fb5a000 	C:\Windows\SYSTEM32\VERSION.dll
0x00007ffb25780000 - 0x00007ffb25787000 	C:\Windows\system32\PSAPI.DLL
0x00007ffb256b0000 - 0x00007ffb2570a000 	C:\Windows\system32\WS2_32.dll
0x00007ffb1eed0000 - 0x00007ffb1eefa000 	C:\Windows\SYSTEM32\WINMMBASE.dll
0x00007ffb27a60000 - 0x00007ffb27a69000 	C:\Windows\system32\NSI.dll
0x00007ffb24fb0000 - 0x00007ffb24fff000 	C:\Windows\SYSTEM32\cfgmgr32.dll
0x00007ffb23d20000 - 0x00007ffb23d48000 	C:\Windows\SYSTEM32\DEVOBJ.dll
0x00007ffb223b0000 - 0x00007ffb223bf000 	C:\Program Files\Android\Android Studio1\jre\jre\bin\verify.dll
0x00007ffb21320000 - 0x00007ffb21349000 	C:\Program Files\Android\Android Studio1\jre\jre\bin\java.dll
0x00007ffb1fc50000 - 0x00007ffb1fc66000 	C:\Program Files\Android\Android Studio1\jre\jre\bin\zip.dll
0x00007ffb26350000 - 0x00007ffb2787c000 	C:\Windows\system32\SHELL32.dll
0x00007ffb25fb0000 - 0x00007ffb261c2000 	C:\Windows\SYSTEM32\combase.dll
0x00007ffb27d60000 - 0x00007ffb27db4000 	C:\Windows\system32\SHLWAPI.dll
0x00007ffb234d0000 - 0x00007ffb23582000 	C:\Windows\SYSTEM32\SHCORE.dll
0x00007ffb24ee0000 - 0x00007ffb24ef5000 	C:\Windows\SYSTEM32\profapi.dll
0x00007ffb1e070000 - 0x00007ffb1e08a000 	C:\Program Files\Android\Android Studio1\jre\jre\bin\net.dll
0x00007ffb24820000 - 0x00007ffb24879000 	C:\Windows\system32\mswsock.dll
0x00007ffb1de10000 - 0x00007ffb1de21000 	C:\Program Files\Android\Android Studio1\jre\jre\bin\nio.dll
0x00007ffb14020000 - 0x00007ffb1403e000 	C:\Users\young_000\.gradle\native\25\windows-amd64\native-platform.dll
0x00007ffb221f0000 - 0x00007ffb221fd000 	C:\Program Files\Android\Android Studio1\jre\jre\bin\management.dll
0x00007ffb24880000 - 0x00007ffb248a0000 	C:\Windows\SYSTEM32\CRYPTSP.dll
0x00007ffb243e0000 - 0x00007ffb24416000 	C:\Windows\system32\rsaenh.dll
0x00007ffb249c0000 - 0x00007ffb249e6000 	C:\Windows\SYSTEM32\bcrypt.dll
0x00007ffb24570000 - 0x00007ffb24591000 	C:\Windows\SYSTEM32\USERENV.dll
0x00007ffb24ce0000 - 0x00007ffb24d43000 	C:\Windows\system32\bcryptprimitives.dll
0x00007ffb24d50000 - 0x00007ffb24d5b000 	C:\Windows\SYSTEM32\CRYPTBASE.dll
0x00007ffb1f7f0000 - 0x00007ffb1f81a000 	C:\Windows\SYSTEM32\IPHLPAPI.DLL
0x00007ffb1f7d0000 - 0x00007ffb1f7da000 	C:\Windows\SYSTEM32\WINNSI.DLL
0x00007ffb1f490000 - 0x00007ffb1f4a6000 	C:\Windows\SYSTEM32\dhcpcsvc6.DLL
0x00007ffb1f460000 - 0x00007ffb1f47a000 	C:\Windows\SYSTEM32\dhcpcsvc.DLL
0x00007ffb14b80000 - 0x00007ffb14ba4000 	C:\Program Files\Android\Android Studio1\jre\jre\bin\sunec.dll
0x00007ffb244c0000 - 0x00007ffb24564000 	C:\Windows\SYSTEM32\DNSAPI.dll
0x00007ffb1a590000 - 0x00007ffb1a59a000 	C:\Windows\System32\rasadhlp.dll
0x00007ffb14090000 - 0x00007ffb14226000 	C:\Program Files\Android\Android Studio1\jre\jre\bin\awt.dll
0x00007ffb25ee0000 - 0x00007ffb25fa6000 	C:\Windows\system32\OLEAUT32.dll
0x00007ffb21480000 - 0x00007ffb21901000 	C:\Windows\SYSTEM32\d2d1.dll
0x00007ffb23aa0000 - 0x00007ffb23b2e000 	C:\Windows\system32\apphelp.dll
0x00007ffb23270000 - 0x00007ffb23291000 	C:\Windows\system32\DWMAPI.DLL
0x00007ffb23b60000 - 0x00007ffb23c89000 	C:\Windows\system32\uxtheme.dll

VM Arguments:
jvm_args: -Xmx1536m -Dfile.encoding=windows-1252 -Duser.country=US -Duser.language=en -Duser.variant 
java_command: org.gradle.launcher.daemon.bootstrap.GradleDaemon 4.4
java_class_path (initial): C:\Users\young_000\.gradle\wrapper\dists\gradle-4.4-all\9br9xq1tocpiv8o6njlyu5op1\gradle-4.4\lib\gradle-launcher-4.4.jar
Launcher Type: SUN_STANDARD

Environment Variables:
PATH=C:\Program Files (x86)\Common Files\Oracle\Java\javapath;C:\ProgramData\Oracle\Java\javapath;C:\Program Files (x86)\Intel\TXE Components\TCS\;C:\Program Files\Intel\TXE Components\TCS\;C:\Windows\system32;C:\Windows;C:\Windows\System32\Wbem;C:\Windows\System32\WindowsPowerShell\v1.0\;C:\Program Files (x86)\Common Files\lenovo\easyplussdk\bin;C:\Program Files\Microsoft SQL Server\110\Tools\Binn\;c:\Program Files (x86)\Microsoft SQL Server\100\Tools\Binn\;c:\Program Files (x86)\Microsoft SQL Server\100\DTS\Binn\;C:\Program Files (x86)\Microsoft SQL Server\80\Tools\Binn\;C:\Program Files\dotnet\;C:\Program Files\Microsoft SQL Server\130\Tools\Binn\;C:\Program Files\nodejs\;C:\Windows\system32\config\systemprofile\.dnx\bin;C:\Program Files\Microsoft DNX\Dnvm\
USERNAME=young_000
OS=Windows_NT
PROCESSOR_IDENTIFIER=Intel64 Family 6 Model 55 Stepping 8, GenuineIntel



---------------  S Y S T E M  ---------------

OS: Windows 8.1 , 64 bit Build 9600 (6.3.9600.17415)

CPU:total 2 (initial active 2) (2 cores per cpu, 1 threads per core) family 6 model 55 stepping 8, cmov, cx8, fxsr, mmx, sse, sse2, sse3, ssse3, sse4.1, sse4.2, popcnt, clmul, erms, 3dnowpref, tsc, tscinvbit

Memory: 4k page, physical 4074704k(148188k free), swap 7220432k(2372k free)

vm_info: OpenJDK 64-Bit Server VM (25.152-b02) for windows-amd64 JRE (1.8.0_152-release-1024-b02), built by "builder" with MS VC++ 10.0 (VS2010)

time: Tue Dec 25 12:12:58 2018
elapsed time: 2607 seconds (0d 0h 43m 27s)

